2025/09/07 22:24:45.617  97n1zvhn6rk1 [Merge:JobStart] Version: '3.3.008.01'. Command args: '-form=./dut.renov.auto.xatw -data=./p.dut.amostra3.renov.auto-SAMPLE.xml -documentTag=Document -config=/DocOrigin/User/Forms/CeleparPDF.prt -output=./Amostra_03_sample.pdf -logfile=./amostra03.log $B="C:/DocOrigin/User/Forms/celepar/POC/Amostra 03" $E=C:/DocOrigin/DO/Bin $R=C:/DocOrigin $N=Merge $U=/DocOrigin/User $O=$U/Overrides $F=$U/Forms $C=$U/Config $S=$U/Scripts $L=$U/Logs $P=C:\DocOrigin\User\xpdf-tools-win-4.05\bin64; $T=$U/Tmp -message=$E/DocOrigin_EN.xml -FnfDataExts=jet;dat;fnf -JsonDataExts=json -XfdfDataExts=xfdf'. Current dir: 'C:\DocOrigin\User\Forms\celepar\POC\Amostra 03'.
2025/09/07 22:24:45.618  97n1zvhn6rk1 [Merge:UserName] Logon user name: 'PATS-016\alexr'.
2025/09/07 22:24:45.618 F97n1zvhn6rk1 [Merge:ConfigFileNotFound] The configuration file '/DocOrigin/User/Forms/CeleparPDF.prt' could not be opened. Job terminated.
2025/09/07 22:24:45.618 E97n1zvhn6rk1 [Merge:]     Argument 'config' could not be processed.
2025/09/07 22:24:45.618 E97n1zvhn6rk1 [Merge:NoConfigFile] No printer configuration file name was specified. Job terminated.
2025/09/07 22:24:45.618 E97n1zvhn6rk1 [Merge:ErrorReturn] Returning error code '44' - Missing or invalid configuration (.prt) file.
2025/09/07 22:24:45.618 E97n1zvhn6rk1 [Merge:JobFailed] Job failed - exited with rc = 44 - form ''.
2025/09/07 22:25:14.738  97n21um3uj61 [Merge:JobStart] Version: '3.3.008.01'. Command args: '-form=./dut.renov.auto.xatw -data=./p.dut.amostra3.renov.auto-SAMPLE.xml -documentTag=Document -config=/DocOrigin/User/Config/CeleparPDF.prt -output=./Amostra_03_sample.pdf -logfile=./amostra03.log $B="C:/DocOrigin/User/Forms/celepar/POC/Amostra 03" $E=C:/DocOrigin/DO/Bin $R=C:/DocOrigin $N=Merge $U=/DocOrigin/User $O=$U/Overrides $F=$U/Forms $C=$U/Config $S=$U/Scripts $L=$U/Logs $P=C:\DocOrigin\User\xpdf-tools-win-4.05\bin64; $T=$U/Tmp -message=$E/DocOrigin_EN.xml -FnfDataExts=jet;dat;fnf -JsonDataExts=json -XfdfDataExts=xfdf'. Current dir: 'C:\DocOrigin\User\Forms\celepar\POC\Amostra 03'.
2025/09/07 22:25:14.739  97n21um3uj61 [Merge:UserName] Logon user name: 'PATS-016\alexr'.
2025/09/07 22:25:14.871  97n21um3uj61 [Merge:]     This program is provided under license to "PATS"
2025/09/07 22:25:14.889  97n21um3uj61 [Merge:DataFileProcessing] Processing data file './p.dut.amostra3.renov.auto-SAMPLE.xml'.
2025/09/07 22:25:14.892  97n21um3uj61 [Merge:OneDataItemDropped] One or more data items have been dropped. Set -verbose=100 on the command line to see the names of those data items.
2025/09/07 22:25:14.895  97n21um3uj61 [Merge:OpenFile] OpenFile succeeded. File name is '.\Amostra_03_sample.pdf'. File descriptor is '4'.
2025/09/07 22:25:14.921 W97n21um3uj61 [Merge:PostnetBarSpaceWidthWarning] Bar/space pair width is 0.035". The width of the bar/space pairs should be between 0.045" and 0.050". (State:Process Field Formatting Doc#1 At:DUT.Renov.Auto.Capa.ContainerCapa.Capa.CEPNET)
2025/09/07 22:25:15.492 W97n21um3uj61 [Merge:PostnetBarSpaceWidthWarning] Bar/space pair width is 0.035". The width of the bar/space pairs should be between 0.045" and 0.050". (State:Process Field Formatting Doc#2 At:DUT.Renov.Auto.Capa.ContainerCapa.Capa.CEPNET)
2025/09/07 22:25:15.720 W97n21um3uj61 [Merge:PostnetBarSpaceWidthWarning] Bar/space pair width is 0.035". The width of the bar/space pairs should be between 0.045" and 0.050". (State:Process Field Formatting Doc#3 At:DUT.Renov.Auto.Capa.ContainerCapa.Capa.CEPNET)
2025/09/07 22:25:15.963  97n21um3uj61 [Merge:CloseFile] CloseFile succeeded. File descriptor is '4'.
2025/09/07 22:25:15.965  97n21um3uj61 [Merge:DriverDocumentsGenerated] Total document count for PDF driver = 3.
2025/09/07 22:25:15.965  97n21um3uj61 [Merge:DocumentsGenerated] Total document count = 3.
2025/09/07 22:25:15.965  97n21um3uj61 [Merge:PagesGenerated] Total Page count: 6, Sheet count: 6.
2025/09/07 22:25:15.966  97n21um3uj61 [Merge:ProcessEnd] Merge process completed. Return code: 0
