2025/09/07 22:27:18.004  97n27o02bk51 [Merge:JobStart] Version: '3.3.008.01'. Command args: '-form=./dut.renov.auto.xatw -data=./p.dut.amostra3.renov.auto-SAMPLE.xml -documentTag=Document -config=/DocOrigin/User/Config/CeleparPDF.prt -output=./Amostra_03_sample.pdf -logfile=./Amostra_03_sample.log $B="C:/DocOrigin/User/Forms/celepar/POC/Amostra 03" $E=C:/DocOrigin/DO/Bin $R=C:/DocOrigin $N=Merge $U=/DocOrigin/User $O=$U/Overrides $F=$U/Forms $C=$U/Config $S=$U/Scripts $L=$U/Logs $P=C:\DocOrigin\User\xpdf-tools-win-4.05\bin64; $T=$U/Tmp -message=$E/DocOrigin_EN.xml -FnfDataExts=jet;dat;fnf -JsonDataExts=json -XfdfDataExts=xfdf'. Current dir: 'C:\DocOrigin\User\Forms\celepar\POC\Amostra 03'.
2025/09/07 22:27:18.005  97n27o02bk51 [Merge:UserName] Logon user name: 'PATS-016\alexr'.
2025/09/07 22:27:18.140  97n27o02bk51 [Merge:]     This program is provided under license to "PATS"
2025/09/07 22:27:18.157  97n27o02bk51 [Merge:DataFileProcessing] Processing data file './p.dut.amostra3.renov.auto-SAMPLE.xml'.
2025/09/07 22:27:18.159  97n27o02bk51 [Merge:OneDataItemDropped] One or more data items have been dropped. Set -verbose=100 on the command line to see the names of those data items.
2025/09/07 22:27:18.162  97n27o02bk51 [Merge:OpenFile] OpenFile succeeded. File name is '.\Amostra_03_sample.pdf'. File descriptor is '4'.
2025/09/07 22:27:18.189 W97n27o02bk51 [Merge:PostnetBarSpaceWidthWarning] Bar/space pair width is 0.035". The width of the bar/space pairs should be between 0.045" and 0.050". (State:Process Field Formatting Doc#1 At:DUT.Renov.Auto.Capa.ContainerCapa.Capa.CEPNET)
2025/09/07 22:27:18.804 W97n27o02bk51 [Merge:PostnetBarSpaceWidthWarning] Bar/space pair width is 0.035". The width of the bar/space pairs should be between 0.045" and 0.050". (State:Process Field Formatting Doc#2 At:DUT.Renov.Auto.Capa.ContainerCapa.Capa.CEPNET)
2025/09/07 22:27:19.048 W97n27o02bk51 [Merge:PostnetBarSpaceWidthWarning] Bar/space pair width is 0.035". The width of the bar/space pairs should be between 0.045" and 0.050". (State:Process Field Formatting Doc#3 At:DUT.Renov.Auto.Capa.ContainerCapa.Capa.CEPNET)
2025/09/07 22:27:19.302  97n27o02bk51 [Merge:CloseFile] CloseFile succeeded. File descriptor is '4'.
2025/09/07 22:27:19.304  97n27o02bk51 [Merge:DriverDocumentsGenerated] Total document count for PDF driver = 3.
2025/09/07 22:27:19.304  97n27o02bk51 [Merge:DocumentsGenerated] Total document count = 3.
2025/09/07 22:27:19.304  97n27o02bk51 [Merge:PagesGenerated] Total Page count: 6, Sheet count: 6.
2025/09/07 22:27:19.305  97n27o02bk51 [Merge:ProcessEnd] Merge process completed. Return code: 0
2025/09/08 11:08:39.056  98b0oz1mvtn1 [Merge:JobStart] Version: '3.3.008.01'. Command args: '-form=./dut.renov.auto.xatw -data=./p.dut.amostra3.renov.auto-SAMPLE.xml -documentTag=Document -config=/DocOrigin/User/Config/CeleparPDF.prt -output=./Amostra_03_sample.pdf -logfile=./Amostra_03_sample.log $B="C:/DocOrigin/User/Forms/celepar/POC/Amostra 03" $E=C:/DocOrigin/DO/Bin $R=C:/DocOrigin $N=Merge $U=/DocOrigin/User $O=$U/Overrides $F=$U/Forms $C=$U/Config $S=$U/Scripts $L=$U/Logs $P=C:\DocOrigin\User\xpdf-tools-win-4.05\bin64; $T=$U/Tmp -message=$E/DocOrigin_EN.xml -FnfDataExts=jet;dat;fnf -JsonDataExts=json -XfdfDataExts=xfdf'. Current dir: 'C:\DocOrigin\User\Forms\celepar\POC\Amostra 03'.
2025/09/08 11:08:39.057  98b0oz1mvtn1 [Merge:UserName] Logon user name: 'PATS-016\alexr'.
2025/09/08 11:08:39.203  98b0oz1mvtn1 [Merge:]     This program is provided under license to "PATS"
2025/09/08 11:08:39.224  98b0oz1mvtn1 [Merge:DataFileProcessing] Processing data file './p.dut.amostra3.renov.auto-SAMPLE.xml'.
2025/09/08 11:08:39.226  98b0oz1mvtn1 [Merge:OneDataItemDropped] One or more data items have been dropped. Set -verbose=100 on the command line to see the names of those data items.
2025/09/08 11:08:39.229  98b0oz1mvtn1 [Merge:OpenFile] OpenFile succeeded. File name is '.\Amostra_03_sample.pdf'. File descriptor is '4'.
2025/09/08 11:08:39.259 W98b0oz1mvtn1 [Merge:PostnetBarSpaceWidthWarning] Bar/space pair width is 0.035". The width of the bar/space pairs should be between 0.045" and 0.050". (State:Process Field Formatting Doc#1 At:DUT.Renov.Auto.Capa.ContainerCapa.Capa.CEPNET)
2025/09/08 11:08:39.895 W98b0oz1mvtn1 [Merge:PostnetBarSpaceWidthWarning] Bar/space pair width is 0.035". The width of the bar/space pairs should be between 0.045" and 0.050". (State:Process Field Formatting Doc#2 At:DUT.Renov.Auto.Capa.ContainerCapa.Capa.CEPNET)
2025/09/08 11:08:40.153 W98b0oz1mvtn1 [Merge:PostnetBarSpaceWidthWarning] Bar/space pair width is 0.035". The width of the bar/space pairs should be between 0.045" and 0.050". (State:Process Field Formatting Doc#3 At:DUT.Renov.Auto.Capa.ContainerCapa.Capa.CEPNET)
2025/09/08 11:08:40.439 W98b0oz1mvtn1 [Merge:PostnetBarSpaceWidthWarning] Bar/space pair width is 0.035". The width of the bar/space pairs should be between 0.045" and 0.050". (State:Process Field Formatting Doc#4 At:DUT.Renov.Auto.Capa.ContainerCapa.Capa.CEPNET)
2025/09/08 11:08:40.675 W98b0oz1mvtn1 [Merge:OverflowField] Field 'Descricao' has overflowed its defined size - some text may not be visible. Occurred 1 times.
2025/09/08 11:08:40.677  98b0oz1mvtn1 [Merge:CloseFile] CloseFile succeeded. File descriptor is '4'.
2025/09/08 11:08:40.680  98b0oz1mvtn1 [Merge:DriverDocumentsGenerated] Total document count for PDF driver = 4.
2025/09/08 11:08:40.680  98b0oz1mvtn1 [Merge:DocumentsGenerated] Total document count = 4.
2025/09/08 11:08:40.681  98b0oz1mvtn1 [Merge:PagesGenerated] Total Page count: 8, Sheet count: 8.
2025/09/08 11:08:40.682  98b0oz1mvtn1 [Merge:ProcessEnd] Merge process completed. Return code: 0
